<?xml version="1.0" encoding="UTF-8"?>
<!-- Generated by org.testng.reporters.JUnitXMLReporter -->
<testsuite ignored="0" hostname="Dhinu" failures="0" tests="4" name="Parallel Test" time="12.042" errors="0" timestamp="2024-07-14T22:53:08 IST">
  <testcase classname="org.calculator.Calculator_Project.CalculatorTests" name="calculate" time="5.535"/>
  <testcase classname="org.calculator.Calculator_Project.CalculatorTests" name="calculate" time="5.734"/>
  <testcase classname="org.calculator.Calculator_Project.CalculatorTests" name="calculate" time="4.306"/>
  <testcase classname="org.calculator.Calculator_Project.CalculatorTests" name="calculate" time="4.95"/>
</testsuite> <!-- Parallel Test -->
