<?xml version="1.0" encoding="UTF-8"?>
<!-- Generated by org.testng.reporters.JUnitXMLReporter -->
<testsuite ignored="4" hostname="Dhinu" failures="0" tests="4" name="Default test" time="15.859" errors="0" timestamp="2024-07-11T23:17:32 IST">
  <testcase classname="org.calculator.Calculator_Project.CalculatorTests" name="calculate" time="1.925"/>
  <testcase classname="org.calculator.Calculator_Project.CalculatorTests" name="calculate" time="1.508"/>
  <testcase classname="org.calculator.Calculator_Project.CalculatorTests" name="calculate" time="2.211"/>
  <testcase classname="org.calculator.Calculator_Project.CalculatorTests" name="calculate" time="1.747"/>
  <testcase classname="org.calculator.Calculator_Project.CalculatorTests" name="testAddition" time="0.0">
    <ignored/>
  </testcase> <!-- testAddition -->
  <testcase classname="org.calculator.Calculator_Project.CalculatorTests" name="testMultiplication" time="0.0">
    <ignored/>
  </testcase> <!-- testMultiplication -->
  <testcase classname="org.calculator.Calculator_Project.CalculatorTests" name="testDivision" time="0.0">
    <ignored/>
  </testcase> <!-- testDivision -->
  <testcase classname="org.calculator.Calculator_Project.CalculatorTests" name="testSubtraction" time="0.0">
    <ignored/>
  </testcase> <!-- testSubtraction -->
</testsuite> <!-- Default test -->
