<?xml version="1.0" encoding="UTF-8"?>
<!-- Generated by org.testng.reporters.JUnitXMLReporter -->
<testsuite ignored="4" hostname="Dhinu" failures="0" tests="4" name="Default test" time="23.523" errors="0" timestamp="2024-07-11T12:24:26 IST">
  <testcase classname="org.calculator.Calculator_Project.CalculatorTests" name="calculate" time="1.874"/>
  <testcase classname="org.calculator.Calculator_Project.CalculatorTests" name="calculate" time="1.547"/>
  <testcase classname="org.calculator.Calculator_Project.CalculatorTests" name="calculate" time="2.142"/>
  <testcase classname="org.calculator.Calculator_Project.CalculatorTests" name="calculate" time="1.826"/>
  <testcase classname="org.calculator.Calculator_Project.CalculatorTests" name="testAddition" time="0.0">
    <ignored/>
  </testcase> <!-- testAddition -->
  <testcase classname="org.calculator.Calculator_Project.CalculatorTests" name="testDivision" time="0.0">
    <ignored/>
  </testcase> <!-- testDivision -->
  <testcase classname="org.calculator.Calculator_Project.CalculatorTests" name="testMultiplication" time="0.0">
    <ignored/>
  </testcase> <!-- testMultiplication -->
  <testcase classname="org.calculator.Calculator_Project.CalculatorTests" name="testSubtraction" time="0.0">
    <ignored/>
  </testcase> <!-- testSubtraction -->
</testsuite> <!-- Default test -->
