<?xml version="1.0" encoding="UTF-8"?>
<testng-results ignored="4" total="8" passed="4" failed="0" skipped="0">
  <reporter-output>
  </reporter-output>
  <suite started-at="2024-07-11T12:06:01 IST" name="Default suite" finished-at="2024-07-11T12:06:22 IST" duration-ms="20300">
    <groups>
    </groups>
    <test started-at="2024-07-11T12:06:01 IST" name="Default test" finished-at="2024-07-11T12:06:22 IST" duration-ms="20300">
      <class name="org.calculator.Calculator_Project.CalculatorTests">
        <test-method is-config="true" signature="LaunchApplication()[pri:0, instance:org.calculator.Calculator_Project.CalculatorTests@74e28667]" started-at="2024-07-11T12:06:03 IST" name="LaunchApplication" finished-at="2024-07-11T12:06:06 IST" duration-ms="3127" status="PASS">
          <reporter-output>
          </reporter-output>
        </test-method> <!-- LaunchApplication -->
        <test-method signature="calculate(java.lang.String)[pri:0, instance:org.calculator.Calculator_Project.CalculatorTests@74e28667]" started-at="2024-07-11T12:06:06 IST" name="calculate" data-provider="dp" finished-at="2024-07-11T12:06:06 IST" duration-ms="808" status="PASS">
          <params>
            <param index="0">
              <value>
                <![CDATA[1+1+4+5-3*4]]>
              </value>
            </param>
          </params>
          <reporter-output>
          </reporter-output>
        </test-method> <!-- calculate -->
        <test-method is-config="true" signature="tearDown()[pri:0, instance:org.calculator.Calculator_Project.CalculatorTests@74e28667]" started-at="2024-07-11T12:06:06 IST" name="tearDown" finished-at="2024-07-11T12:06:09 IST" duration-ms="2366" status="PASS">
          <reporter-output>
          </reporter-output>
        </test-method> <!-- tearDown -->
        <test-method is-config="true" signature="LaunchApplication()[pri:0, instance:org.calculator.Calculator_Project.CalculatorTests@74e28667]" started-at="2024-07-11T12:06:09 IST" name="LaunchApplication" finished-at="2024-07-11T12:06:10 IST" duration-ms="1089" status="PASS">
          <reporter-output>
          </reporter-output>
        </test-method> <!-- LaunchApplication -->
        <test-method signature="calculate(java.lang.String)[pri:0, instance:org.calculator.Calculator_Project.CalculatorTests@74e28667]" started-at="2024-07-11T12:06:10 IST" name="calculate" data-provider="dp" finished-at="2024-07-11T12:06:10 IST" duration-ms="549" status="PASS">
          <params>
            <param index="0">
              <value>
                <![CDATA[5*3-4]]>
              </value>
            </param>
          </params>
          <reporter-output>
          </reporter-output>
        </test-method> <!-- calculate -->
        <test-method is-config="true" signature="tearDown()[pri:0, instance:org.calculator.Calculator_Project.CalculatorTests@74e28667]" started-at="2024-07-11T12:06:10 IST" name="tearDown" finished-at="2024-07-11T12:06:13 IST" duration-ms="2328" status="PASS">
          <reporter-output>
          </reporter-output>
        </test-method> <!-- tearDown -->
        <test-method is-config="true" signature="LaunchApplication()[pri:0, instance:org.calculator.Calculator_Project.CalculatorTests@74e28667]" started-at="2024-07-11T12:06:13 IST" name="LaunchApplication" finished-at="2024-07-11T12:06:14 IST" duration-ms="1172" status="PASS">
          <reporter-output>
          </reporter-output>
        </test-method> <!-- LaunchApplication -->
        <test-method signature="calculate(java.lang.String)[pri:0, instance:org.calculator.Calculator_Project.CalculatorTests@74e28667]" started-at="2024-07-11T12:06:14 IST" name="calculate" data-provider="dp" finished-at="2024-07-11T12:06:15 IST" duration-ms="1239" status="PASS">
          <params>
            <param index="0">
              <value>
                <![CDATA[90+200+1000-245]]>
              </value>
            </param>
          </params>
          <reporter-output>
          </reporter-output>
        </test-method> <!-- calculate -->
        <test-method is-config="true" signature="tearDown()[pri:0, instance:org.calculator.Calculator_Project.CalculatorTests@74e28667]" started-at="2024-07-11T12:06:15 IST" name="tearDown" finished-at="2024-07-11T12:06:18 IST" duration-ms="2277" status="PASS">
          <reporter-output>
          </reporter-output>
        </test-method> <!-- tearDown -->
        <test-method is-config="true" signature="LaunchApplication()[pri:0, instance:org.calculator.Calculator_Project.CalculatorTests@74e28667]" started-at="2024-07-11T12:06:18 IST" name="LaunchApplication" finished-at="2024-07-11T12:06:19 IST" duration-ms="1054" status="PASS">
          <reporter-output>
          </reporter-output>
        </test-method> <!-- LaunchApplication -->
        <test-method signature="calculate(java.lang.String)[pri:0, instance:org.calculator.Calculator_Project.CalculatorTests@74e28667]" started-at="2024-07-11T12:06:19 IST" name="calculate" data-provider="dp" finished-at="2024-07-11T12:06:19 IST" duration-ms="890" status="PASS">
          <params>
            <param index="0">
              <value>
                <![CDATA[7*4/2+6-3]]>
              </value>
            </param>
          </params>
          <reporter-output>
          </reporter-output>
        </test-method> <!-- calculate -->
        <test-method is-config="true" signature="tearDown()[pri:0, instance:org.calculator.Calculator_Project.CalculatorTests@74e28667]" started-at="2024-07-11T12:06:19 IST" name="tearDown" finished-at="2024-07-11T12:06:22 IST" duration-ms="2314" status="PASS">
          <reporter-output>
          </reporter-output>
        </test-method> <!-- tearDown -->
      </class> <!-- org.calculator.Calculator_Project.CalculatorTests -->
    </test> <!-- Default test -->
  </suite> <!-- Default suite -->
</testng-results>
