<?xml version="1.0" encoding="UTF-8"?>
<testng-results ignored="0" total="4" passed="4" failed="0" skipped="0">
  <reporter-output>
  </reporter-output>
  <suite started-at="2024-07-14T22:52:56 IST" name="Parallel Suite" finished-at="2024-07-14T22:53:08 IST" duration-ms="12042">
    <groups>
    </groups>
    <test started-at="2024-07-14T22:52:56 IST" name="Parallel Test" finished-at="2024-07-14T22:53:08 IST" duration-ms="12042">
      <class name="org.calculator.Calculator_Project.CalculatorTests">
        <test-method signature="calculate(java.lang.String)[pri:0, instance:org.calculator.Calculator_Project.CalculatorTests@53045c6c]" started-at="2024-07-14T22:52:57 IST" name="calculate" data-provider="dp" finished-at="2024-07-14T22:53:03 IST" duration-ms="5535" status="PASS">
          <params>
            <param index="0">
              <value>
                <![CDATA[5*3-4+100]]>
              </value>
            </param>
          </params>
          <reporter-output>
          </reporter-output>
        </test-method> <!-- calculate -->
        <test-method signature="calculate(java.lang.String)[pri:0, instance:org.calculator.Calculator_Project.CalculatorTests@53045c6c]" started-at="2024-07-14T22:52:57 IST" name="calculate" data-provider="dp" finished-at="2024-07-14T22:53:03 IST" duration-ms="5734" status="PASS">
          <params>
            <param index="0">
              <value>
                <![CDATA[52+1+4+5-3*4]]>
              </value>
            </param>
          </params>
          <reporter-output>
          </reporter-output>
        </test-method> <!-- calculate -->
        <test-method is-config="true" signature="tearDown()[pri:0, instance:org.calculator.Calculator_Project.CalculatorTests@53045c6c]" started-at="2024-07-14T22:53:03 IST" name="tearDown" finished-at="2024-07-14T22:53:03 IST" duration-ms="255" status="PASS">
          <reporter-output>
          </reporter-output>
        </test-method> <!-- tearDown -->
        <test-method is-config="true" signature="tearDown()[pri:0, instance:org.calculator.Calculator_Project.CalculatorTests@53045c6c]" started-at="2024-07-14T22:53:03 IST" name="tearDown" finished-at="2024-07-14T22:53:03 IST" duration-ms="245" status="PASS">
          <reporter-output>
          </reporter-output>
        </test-method> <!-- tearDown -->
        <test-method signature="calculate(java.lang.String)[pri:0, instance:org.calculator.Calculator_Project.CalculatorTests@53045c6c]" started-at="2024-07-14T22:53:03 IST" name="calculate" data-provider="dp" finished-at="2024-07-14T22:53:08 IST" duration-ms="4950" status="PASS">
          <params>
            <param index="0">
              <value>
                <![CDATA[90+200+1000-245/10]]>
              </value>
            </param>
          </params>
          <reporter-output>
          </reporter-output>
        </test-method> <!-- calculate -->
        <test-method signature="calculate(java.lang.String)[pri:0, instance:org.calculator.Calculator_Project.CalculatorTests@53045c6c]" started-at="2024-07-14T22:53:03 IST" name="calculate" data-provider="dp" finished-at="2024-07-14T22:53:07 IST" duration-ms="4306" status="PASS">
          <params>
            <param index="0">
              <value>
                <![CDATA[7*4/2+6-3]]>
              </value>
            </param>
          </params>
          <reporter-output>
          </reporter-output>
        </test-method> <!-- calculate -->
        <test-method is-config="true" signature="tearDown()[pri:0, instance:org.calculator.Calculator_Project.CalculatorTests@53045c6c]" started-at="2024-07-14T22:53:07 IST" name="tearDown" finished-at="2024-07-14T22:53:08 IST" duration-ms="190" status="PASS">
          <reporter-output>
          </reporter-output>
        </test-method> <!-- tearDown -->
        <test-method is-config="true" signature="tearDown()[pri:0, instance:org.calculator.Calculator_Project.CalculatorTests@53045c6c]" started-at="2024-07-14T22:53:08 IST" name="tearDown" finished-at="2024-07-14T22:53:08 IST" duration-ms="185" status="PASS">
          <reporter-output>
          </reporter-output>
        </test-method> <!-- tearDown -->
      </class> <!-- org.calculator.Calculator_Project.CalculatorTests -->
    </test> <!-- Parallel Test -->
  </suite> <!-- Parallel Suite -->
</testng-results>
